INFO:     Will watch for changes in these directories: ['/Users/nk-turbo/Documents/stream-ui/backend']
INFO:     Uvicorn running on http://0.0.0.0:8000 (Press CTRL+C to quit)
INFO:     Started reloader process [84615] using StatReload
INFO:     Started server process [84665]
INFO:     Waiting for application startup.
INFO:     Application startup complete.
WARNING:  StatReload detected changes in 'app/services/chat_service.py'. Reloading...
INFO:     Shutting down
INFO:     Waiting for application shutdown.
INFO:     Application shutdown complete.
INFO:     Finished server process [84665]
INFO:     Started server process [85435]
INFO:     Waiting for application startup.
INFO:     Application startup complete.
WARNING:  StatReload detected changes in 'app/models.py'. Reloading...
INFO:     Shutting down
INFO:     Waiting for application shutdown.
INFO:     Application shutdown complete.
INFO:     Finished server process [85435]
WARNING:  StatReload detected changes in 'app/main.py'. Reloading...
INFO:     Started server process [87824]
INFO:     Waiting for application startup.
ERROR:    Traceback (most recent call last):
  File "/Users/nk-turbo/miniconda3/envs/stream-3.13/lib/python3.13/site-packages/sqlalchemy/engine/base.py", line 1967, in _exec_single_context
    self.dialect.do_execute(
    ~~~~~~~~~~~~~~~~~~~~~~~^
        cursor, str_statement, effective_parameters, context
        ^^^^^^^^^^^^^^^^^^^^^^^^^^^^^^^^^^^^^^^^^^^^^^^^^^^^
    )
    ^
  File "/Users/nk-turbo/miniconda3/envs/stream-3.13/lib/python3.13/site-packages/sqlalchemy/engine/default.py", line 951, in do_execute
    cursor.execute(statement, parameters)
    ~~~~~~~~~~~~~~^^^^^^^^^^^^^^^^^^^^^^^
psycopg2.errors.UniqueViolation: duplicate key value violates unique constraint "pg_type_typname_nsp_index"
DETAIL:  Key (typname, typnamespace)=(metadata, 2200) already exists.


The above exception was the direct cause of the following exception:

Traceback (most recent call last):
  File "/Users/nk-turbo/miniconda3/envs/stream-3.13/lib/python3.13/site-packages/starlette/routing.py", line 694, in lifespan
    async with self.lifespan_context(app) as maybe_state:
               ~~~~~~~~~~~~~~~~~~~~~^^^^^
  File "/Users/nk-turbo/miniconda3/envs/stream-3.13/lib/python3.13/site-packages/starlette/routing.py", line 571, in __aenter__
    await self._router.startup()
  File "/Users/nk-turbo/miniconda3/envs/stream-3.13/lib/python3.13/site-packages/starlette/routing.py", line 671, in startup
    await handler()
  File "/Users/nk-turbo/Documents/stream-ui/backend/app/main.py", line 42, in startup_event
    create_tables()
    ~~~~~~~~~~~~~^^
  File "/Users/nk-turbo/Documents/stream-ui/backend/app/database.py", line 31, in create_tables
    Base.metadata.create_all(bind=engine)
    ~~~~~~~~~~~~~~~~~~~~~~~~^^^^^^^^^^^^^
  File "/Users/nk-turbo/miniconda3/envs/stream-3.13/lib/python3.13/site-packages/sqlalchemy/sql/schema.py", line 5924, in create_all
    bind._run_ddl_visitor(
    ~~~~~~~~~~~~~~~~~~~~~^
        ddl.SchemaGenerator, self, checkfirst=checkfirst, tables=tables
        ^^^^^^^^^^^^^^^^^^^^^^^^^^^^^^^^^^^^^^^^^^^^^^^^^^^^^^^^^^^^^^^
    )
    ^
  File "/Users/nk-turbo/miniconda3/envs/stream-3.13/lib/python3.13/site-packages/sqlalchemy/engine/base.py", line 3252, in _run_ddl_visitor
    conn._run_ddl_visitor(visitorcallable, element, **kwargs)
    ~~~~~~~~~~~~~~~~~~~~~^^^^^^^^^^^^^^^^^^^^^^^^^^^^^^^^^^^^
  File "/Users/nk-turbo/miniconda3/envs/stream-3.13/lib/python3.13/site-packages/sqlalchemy/engine/base.py", line 2459, in _run_ddl_visitor
    ).traverse_single(element)
      ~~~~~~~~~~~~~~~^^^^^^^^^
  File "/Users/nk-turbo/miniconda3/envs/stream-3.13/lib/python3.13/site-packages/sqlalchemy/sql/visitors.py", line 661, in traverse_single
    return meth(obj, **kw)
  File "/Users/nk-turbo/miniconda3/envs/stream-3.13/lib/python3.13/site-packages/sqlalchemy/sql/ddl.py", line 984, in visit_metadata
    self.traverse_single(
    ~~~~~~~~~~~~~~~~~~~~^
        table,
        ^^^^^^
    ...<2 lines>...
        _is_metadata_operation=True,
        ^^^^^^^^^^^^^^^^^^^^^^^^^^^^
    )
    ^
  File "/Users/nk-turbo/miniconda3/envs/stream-3.13/lib/python3.13/site-packages/sqlalchemy/sql/visitors.py", line 661, in traverse_single
    return meth(obj, **kw)
  File "/Users/nk-turbo/miniconda3/envs/stream-3.13/lib/python3.13/site-packages/sqlalchemy/sql/ddl.py", line 1022, in visit_table
    )._invoke_with(self.connection)
      ~~~~~~~~~~~~^^^^^^^^^^^^^^^^^
  File "/Users/nk-turbo/miniconda3/envs/stream-3.13/lib/python3.13/site-packages/sqlalchemy/sql/ddl.py", line 321, in _invoke_with
    return bind.execute(self)
           ~~~~~~~~~~~~^^^^^^
  File "/Users/nk-turbo/miniconda3/envs/stream-3.13/lib/python3.13/site-packages/sqlalchemy/engine/base.py", line 1419, in execute
    return meth(
        self,
        distilled_parameters,
        execution_options or NO_OPTIONS,
    )
  File "/Users/nk-turbo/miniconda3/envs/stream-3.13/lib/python3.13/site-packages/sqlalchemy/sql/ddl.py", line 187, in _execute_on_connection
    return connection._execute_ddl(
           ~~~~~~~~~~~~~~~~~~~~~~~^
        self, distilled_params, execution_options
        ^^^^^^^^^^^^^^^^^^^^^^^^^^^^^^^^^^^^^^^^^
    )
    ^
  File "/Users/nk-turbo/miniconda3/envs/stream-3.13/lib/python3.13/site-packages/sqlalchemy/engine/base.py", line 1530, in _execute_ddl
    ret = self._execute_context(
        dialect,
    ...<4 lines>...
        compiled,
    )
  File "/Users/nk-turbo/miniconda3/envs/stream-3.13/lib/python3.13/site-packages/sqlalchemy/engine/base.py", line 1846, in _execute_context
    return self._exec_single_context(
           ~~~~~~~~~~~~~~~~~~~~~~~~~^
        dialect, context, statement, parameters
        ^^^^^^^^^^^^^^^^^^^^^^^^^^^^^^^^^^^^^^^
    )
    ^
  File "/Users/nk-turbo/miniconda3/envs/stream-3.13/lib/python3.13/site-packages/sqlalchemy/engine/base.py", line 1986, in _exec_single_context
    self._handle_dbapi_exception(
    ~~~~~~~~~~~~~~~~~~~~~~~~~~~~^
        e, str_statement, effective_parameters, cursor, context
        ^^^^^^^^^^^^^^^^^^^^^^^^^^^^^^^^^^^^^^^^^^^^^^^^^^^^^^^
    )
    ^
  File "/Users/nk-turbo/miniconda3/envs/stream-3.13/lib/python3.13/site-packages/sqlalchemy/engine/base.py", line 2355, in _handle_dbapi_exception
    raise sqlalchemy_exception.with_traceback(exc_info[2]) from e
  File "/Users/nk-turbo/miniconda3/envs/stream-3.13/lib/python3.13/site-packages/sqlalchemy/engine/base.py", line 1967, in _exec_single_context
    self.dialect.do_execute(
    ~~~~~~~~~~~~~~~~~~~~~~~^
        cursor, str_statement, effective_parameters, context
        ^^^^^^^^^^^^^^^^^^^^^^^^^^^^^^^^^^^^^^^^^^^^^^^^^^^^
    )
    ^
  File "/Users/nk-turbo/miniconda3/envs/stream-3.13/lib/python3.13/site-packages/sqlalchemy/engine/default.py", line 951, in do_execute
    cursor.execute(statement, parameters)
    ~~~~~~~~~~~~~~^^^^^^^^^^^^^^^^^^^^^^^
sqlalchemy.exc.IntegrityError: (psycopg2.errors.UniqueViolation) duplicate key value violates unique constraint "pg_type_typname_nsp_index"
DETAIL:  Key (typname, typnamespace)=(metadata, 2200) already exists.

[SQL: 
CREATE TABLE metadata (
	id SERIAL NOT NULL, 
	key VARCHAR NOT NULL, 
	value JSON NOT NULL, 
	description TEXT, 
	created_at TIMESTAMP WITHOUT TIME ZONE, 
	updated_at TIMESTAMP WITHOUT TIME ZONE, 
	PRIMARY KEY (id)
)

]
(Background on this error at: https://sqlalche.me/e/20/gkpj)

ERROR:    Application startup failed. Exiting.
INFO:     Started server process [87843]
INFO:     Waiting for application startup.
INFO:     Application startup complete.
WARNING:  StatReload detected changes in 'app/main.py'. Reloading...
INFO:     Shutting down
INFO:     Waiting for application shutdown.
INFO:     Application shutdown complete.
INFO:     Finished server process [87843]
INFO:     Started server process [87871]
INFO:     Waiting for application startup.
INFO:     Application startup complete.
WARNING:  StatReload detected changes in 'seed_metadata.py'. Reloading...
INFO:     Shutting down
INFO:     Waiting for application shutdown.
INFO:     Application shutdown complete.
INFO:     Finished server process [87871]
INFO:     Started server process [87927]
INFO:     Waiting for application startup.
INFO:     Application startup complete.
WARNING:  StatReload detected changes in 'recreate_tables.py'. Reloading...
INFO:     Shutting down
INFO:     Waiting for application shutdown.
INFO:     Application shutdown complete.
INFO:     Finished server process [87927]
WARNING:  StatReload detected changes in 'recreate_tables.py'. Reloading...
INFO:     Started server process [87956]
INFO:     Waiting for application startup.
INFO:     Application startup complete.
INFO:     Started server process [87975]
INFO:     Waiting for application startup.
INFO:     Application startup complete.
WARNING:  StatReload detected changes in 'recreate_tables.py'. Reloading...
INFO:     Shutting down
INFO:     Waiting for application shutdown.
INFO:     Application shutdown complete.
INFO:     Finished server process [87975]
WARNING:  StatReload detected changes in 'app/main.py'. Reloading...
Process SpawnProcess-9:
Traceback (most recent call last):
  File "/Users/nk-turbo/miniconda3/envs/stream-3.13/lib/python3.13/multiprocessing/process.py", line 313, in _bootstrap
    self.run()
    ~~~~~~~~^^
  File "/Users/nk-turbo/miniconda3/envs/stream-3.13/lib/python3.13/multiprocessing/process.py", line 108, in run
    self._target(*self._args, **self._kwargs)
    ~~~~~~~~~~~~^^^^^^^^^^^^^^^^^^^^^^^^^^^^^
  File "/Users/nk-turbo/miniconda3/envs/stream-3.13/lib/python3.13/site-packages/uvicorn/_subprocess.py", line 80, in subprocess_started
    target(sockets=sockets)
    ~~~~~~^^^^^^^^^^^^^^^^^
  File "/Users/nk-turbo/miniconda3/envs/stream-3.13/lib/python3.13/site-packages/uvicorn/server.py", line 67, in run
    return asyncio_run(self.serve(sockets=sockets), loop_factory=self.config.get_loop_factory())
  File "/Users/nk-turbo/miniconda3/envs/stream-3.13/lib/python3.13/asyncio/runners.py", line 195, in run
    return runner.run(main)
           ~~~~~~~~~~^^^^^^
  File "/Users/nk-turbo/miniconda3/envs/stream-3.13/lib/python3.13/asyncio/runners.py", line 118, in run
    return self._loop.run_until_complete(task)
           ~~~~~~~~~~~~~~~~~~~~~~~~~~~~~^^^^^^
  File "/Users/nk-turbo/miniconda3/envs/stream-3.13/lib/python3.13/asyncio/base_events.py", line 725, in run_until_complete
    return future.result()
           ~~~~~~~~~~~~~^^
  File "/Users/nk-turbo/miniconda3/envs/stream-3.13/lib/python3.13/site-packages/uvicorn/server.py", line 71, in serve
    await self._serve(sockets)
  File "/Users/nk-turbo/miniconda3/envs/stream-3.13/lib/python3.13/site-packages/uvicorn/server.py", line 78, in _serve
    config.load()
    ~~~~~~~~~~~^^
  File "/Users/nk-turbo/miniconda3/envs/stream-3.13/lib/python3.13/site-packages/uvicorn/config.py", line 438, in load
    self.loaded_app = import_from_string(self.app)
                      ~~~~~~~~~~~~~~~~~~^^^^^^^^^^
  File "/Users/nk-turbo/miniconda3/envs/stream-3.13/lib/python3.13/site-packages/uvicorn/importer.py", line 19, in import_from_string
    module = importlib.import_module(module_str)
  File "/Users/nk-turbo/miniconda3/envs/stream-3.13/lib/python3.13/importlib/__init__.py", line 88, in import_module
    return _bootstrap._gcd_import(name[level:], package, level)
           ~~~~~~~~~~~~~~~~~~~~~~^^^^^^^^^^^^^^^^^^^^^^^^^^^^^^
  File "<frozen importlib._bootstrap>", line 1387, in _gcd_import
  File "<frozen importlib._bootstrap>", line 1360, in _find_and_load
  File "<frozen importlib._bootstrap>", line 1331, in _find_and_load_unlocked
  File "<frozen importlib._bootstrap>", line 935, in _load_unlocked
  File "<frozen importlib._bootstrap_external>", line 1026, in exec_module
  File "<frozen importlib._bootstrap>", line 488, in _call_with_frames_removed
  File "/Users/nk-turbo/Documents/stream-ui/backend/app/main.py", line 5, in <module>
    from app.models import SchemaObject, SchemaWorkflow, SchemaApp, AppStatus, User, AppUser, UserRole, SchemaRecord
ImportError: cannot import name 'Metadata' from 'app.models' (/Users/nk-turbo/Documents/stream-ui/backend/app/models.py)
INFO:     Started server process [31536]
INFO:     Waiting for application startup.
INFO:     Application startup complete.
INFO:     127.0.0.1:54835 - "WebSocket /ws/chat" [accepted]
INFO:     connection open
INFO:     127.0.0.1:54836 - "WebSocket /ws/chat" [accepted]
INFO:     127.0.0.1:54837 - "WebSocket /ws/chat" [accepted]
INFO:     connection open
INFO:     connection open
INFO:     127.0.0.1:54838 - "WebSocket /ws/chat" [accepted]
INFO:     connection open
WARNING:  StatReload detected changes in 'app/main.py'. Reloading...
INFO:     Shutting down
INFO:     connection closed
INFO:     connection closed
INFO:     connection closed
INFO:     connection closed
INFO:     Waiting for application shutdown.
INFO:     Application shutdown complete.
INFO:     Finished server process [31536]
Fatal Python error: init_sys_streams: can't initialize sys standard streams
Python runtime state: core initialized
OSError: [Errno 9] Bad file descriptor

Current thread 0x00007ff84a311f80 (most recent call first):
  <no Python frame>
WARNING:  StatReload detected changes in 'app/services/chat_service.py'. Reloading...
Fatal Python error: init_sys_streams: can't initialize sys standard streams
Python runtime state: core initialized
OSError: [Errno 9] Bad file descriptor

Current thread 0x00007ff84a311f80 (most recent call first):
  <no Python frame>
WARNING:  StatReload detected changes in 'app/services/chat_service.py'. Reloading...
Fatal Python error: init_sys_streams: can't initialize sys standard streams
Python runtime state: core initialized
OSError: [Errno 9] Bad file descriptor

Current thread 0x00007ff84a311f80 (most recent call first):
  <no Python frame>
WARNING:  StatReload detected changes in 'app/models.py'. Reloading...
Fatal Python error: init_sys_streams: can't initialize sys standard streams
Python runtime state: core initialized
OSError: [Errno 9] Bad file descriptor

Current thread 0x00007ff84a311f80 (most recent call first):
  <no Python frame>
WARNING:  StatReload detected changes in 'app/main.py'. Reloading...
Fatal Python error: init_sys_streams: can't initialize sys standard streams
Python runtime state: core initialized
OSError: [Errno 9] Bad file descriptor

Current thread 0x00007ff84a311f80 (most recent call first):
  <no Python frame>
WARNING:  StatReload detected changes in 'app/main.py'. Reloading...
Fatal Python error: init_sys_streams: can't initialize sys standard streams
Python runtime state: core initialized
OSError: [Errno 9] Bad file descriptor

Current thread 0x00007ff84a311f80 (most recent call first):
  <no Python frame>
WARNING:  StatReload detected changes in 'seed_field_types.py'. Reloading...
Fatal Python error: init_sys_streams: can't initialize sys standard streams
Python runtime state: core initialized
OSError: [Errno 9] Bad file descriptor

Current thread 0x00007ff84a311f80 (most recent call first):
  <no Python frame>
WARNING:  StatReload detected changes in 'seed_field_types.py'. Reloading...
Fatal Python error: init_sys_streams: can't initialize sys standard streams
Python runtime state: core initialized
OSError: [Errno 9] Bad file descriptor

Current thread 0x00007ff84a311f80 (most recent call first):
  <no Python frame>
WARNING:  StatReload detected changes in 'migrate_add_metadata.py'. Reloading...
Fatal Python error: init_sys_streams: can't initialize sys standard streams
Python runtime state: core initialized
OSError: [Errno 9] Bad file descriptor

Current thread 0x00007ff84a311f80 (most recent call first):
  <no Python frame>
INFO:     Stopping reloader process [84615]
